<?xml version="1.0" encoding="UTF-8"?>
<!-- Generated by org.testng.reporters.JUnitReportReporter -->
<testsuite hostname="PL-IN-PF4F99BY" failures="0" tests="14" name="Client_Project.LoanAppCreation" time="427.944" errors="0" timestamp="2024-08-16T14:00:33 IST" skipped="0">
  <testcase classname="Client_Project.LoanAppCreation" name="LoginPage" time="4.296"/>
  <testcase classname="Client_Project.LoanAppCreation" name="LeadPageAccess" time="1.715"/>
  <testcase classname="Client_Project.LoanAppCreation" name="LeadFillDetails" time="3.356"/>
  <testcase classname="Client_Project.LoanAppCreation" name="ConvertToApplication" time="2.131"/>
  <testcase classname="Client_Project.LoanAppCreation" name="CreateApp1" time="21.315"/>
  <testcase classname="Client_Project.LoanAppCreation" name="CreateApp2" time="68.683"/>
  <testcase classname="Client_Project.LoanAppCreation" name="CreateApp3" time="41.344"/>
  <testcase classname="Client_Project.LoanAppCreation" name="CreateApp4" time="123.564"/>
  <testcase classname="Client_Project.LoanAppCreation" name="ParmanentAdd" time="61.519"/>
  <testcase classname="Client_Project.LoanAppCreation" name="SocioEconomicDetails" time="22.549"/>
  <testcase classname="Client_Project.LoanAppCreation" name="AssetDetails" time="23.429"/>
  <testcase classname="Client_Project.LoanAppCreation" name="Flowpage" time="16.953"/>
  <testcase classname="Client_Project.LoanAppCreation" name="LoanEligibility" time="16.042"/>
  <testcase classname="Client_Project.LoanAppCreation" name="BankVerification" time="21.048"/>
</testsuite> <!-- Client_Project.LoanAppCreation -->
