<?xml version="1.0" encoding="UTF-8"?>
<!-- Generated by org.testng.reporters.JUnitReportReporter -->
<testsuite hostname="PL-IN-PF4F99BY" failures="0" tests="3" name="Client_Project.CreateLead" time="13.810" errors="0" timestamp="2024-08-23T16:56:17 IST" skipped="0">
  <testcase classname="Client_Project.CreateLead" name="LoginPage" time="3.436"/>
  <testcase classname="Client_Project.CreateLead" name="LeadFillDetails" time="3.602"/>
  <testcase classname="Client_Project.CreateLead" name="LeadFillDetails" time="6.772"/>
</testsuite> <!-- Client_Project.CreateLead -->
