<?xml version="1.0" encoding="UTF-8"?>
<!-- Generated by org.testng.reporters.JUnitReportReporter -->
<testsuite hostname="PL-IN-PF4F99BY" failures="0" tests="4" name="Client_Project.ApplicationCreation" time="1254.089" errors="0" timestamp="2024-08-23T17:21:13 IST" skipped="0">
  <testcase classname="Client_Project.ApplicationCreation" name="LoginPage" time="2.868"/>
  <testcase classname="Client_Project.ApplicationCreation" name="CreateApp1" time="422.807"/>
  <testcase classname="Client_Project.ApplicationCreation" name="CreateApp1" time="419.977"/>
  <testcase classname="Client_Project.ApplicationCreation" name="CreateApp1" time="408.437"/>
</testsuite> <!-- Client_Project.ApplicationCreation -->
